2025-05-18 08:52:33 [main] INFO  c.q.m.QuantzApiMarketDataServiceApplication - Starting QuantzApiMarketDataServiceApplication using Java 23.0.2 with PID 1852 (C:\Users\PC\Documents\workspace\quantz\quantz\quantz-api-service\quantz-api-market-data-service\target\classes started by PC in C:\Users\PC\Documents\workspace\quantz\quantz)
2025-05-18 08:52:33 [main] INFO  c.q.m.QuantzApiMarketDataServiceApplication - No active profile set, falling back to 1 default profile: "default"
2025-05-18 08:52:34 [main] INFO  o.s.d.r.c.RepositoryConfigurationDelegate - Bootstrapping Spring Data JPA repositories in DEFAULT mode.
2025-05-18 08:52:34 [main] INFO  o.s.d.r.c.RepositoryConfigurationDelegate - Finished Spring Data repository scanning in 40 ms. Found 4 JPA repository interfaces.
2025-05-18 08:52:35 [main] INFO  o.s.b.w.e.tomcat.TomcatWebServer - Tomcat initialized with port 8081 (http)
2025-05-18 08:52:35 [main] INFO  o.a.catalina.core.StandardService - Starting service [Tomcat]
2025-05-18 08:52:35 [main] INFO  o.a.catalina.core.StandardEngine - Starting Servlet engine: [Apache Tomcat/10.1.36]
2025-05-18 08:52:35 [main] INFO  o.a.c.c.C.[Tomcat].[localhost].[/] - Initializing Spring embedded WebApplicationContext
2025-05-18 08:52:35 [main] INFO  o.s.b.w.s.c.ServletWebServerApplicationContext - Root WebApplicationContext: initialization completed in 1429 ms
2025-05-18 08:52:35 [main] INFO  com.zaxxer.hikari.HikariDataSource - HikariPool-1 - Starting...
2025-05-18 08:52:35 [main] INFO  com.zaxxer.hikari.pool.HikariPool - HikariPool-1 - Added connection org.postgresql.jdbc.PgConnection@cae2a97
2025-05-18 08:52:35 [main] INFO  com.zaxxer.hikari.HikariDataSource - HikariPool-1 - Start completed.
2025-05-18 08:52:35 [main] INFO  liquibase.database - Set default schema name to public
2025-05-18 08:52:36 [main] INFO  liquibase.command - Logging exception.
2025-05-18 08:52:36 [main] INFO  liquibase.ui - ERROR: Exception Details
2025-05-18 08:52:36 [main] INFO  liquibase.ui - ERROR: Exception Primary Class:  ChangeLogParseException
2025-05-18 08:52:36 [main] INFO  liquibase.ui - ERROR: Exception Primary Reason:  classpath:/db/changelog/db.changelog-master.yaml does not exist
2025-05-18 08:52:36 [main] INFO  liquibase.ui - ERROR: Exception Primary Source:  4.29.2
2025-05-18 08:52:36 [main] INFO  liquibase.command - Command execution complete
2025-05-18 08:52:36 [main] WARN  o.s.b.w.s.c.AnnotationConfigServletWebServerApplicationContext - Exception encountered during context initialization - cancelling refresh attempt: org.springframework.beans.factory.BeanCreationException: Error creating bean with name 'entityManagerFactory' defined in class path resource [org/springframework/boot/autoconfigure/orm/jpa/HibernateJpaConfiguration.class]: Failed to initialize dependency 'liquibase' of LoadTimeWeaverAware bean 'entityManagerFactory': Error creating bean with name 'liquibase' defined in class path resource [org/springframework/boot/autoconfigure/liquibase/LiquibaseAutoConfiguration$LiquibaseConfiguration.class]: liquibase.exception.CommandExecutionException: liquibase.exception.ChangeLogParseException: classpath:/db/changelog/db.changelog-master.yaml does not exist
2025-05-18 08:52:36 [main] INFO  com.zaxxer.hikari.HikariDataSource - HikariPool-1 - Shutdown initiated...
2025-05-18 08:52:36 [main] INFO  com.zaxxer.hikari.HikariDataSource - HikariPool-1 - Shutdown completed.
2025-05-18 08:52:36 [main] INFO  o.a.catalina.core.StandardService - Stopping service [Tomcat]
2025-05-18 08:52:36 [main] INFO  o.s.b.a.l.ConditionEvaluationReportLogger - 

Error starting ApplicationContext. To display the condition evaluation report re-run your application with 'debug' enabled.
2025-05-18 08:52:36 [main] ERROR o.s.b.d.LoggingFailureAnalysisReporter - 

***************************
APPLICATION FAILED TO START
***************************

Description:

Liquibase failed to start because no changelog could be found at 'classpath:/db/changelog/db.changelog-master.yaml'.

Action:

Make sure a Liquibase changelog is present at the configured path.

2025-05-18 08:54:58 [main] INFO  c.q.m.QuantzApiMarketDataServiceApplication - Starting QuantzApiMarketDataServiceApplication using Java 23.0.2 with PID 13080 (C:\Users\PC\Documents\workspace\quantz\quantz\quantz-api-service\quantz-api-market-data-service\target\classes started by PC in C:\Users\PC\Documents\workspace\quantz\quantz)
2025-05-18 08:54:58 [main] INFO  c.q.m.QuantzApiMarketDataServiceApplication - No active profile set, falling back to 1 default profile: "default"
2025-05-18 08:54:59 [main] INFO  o.s.d.r.c.RepositoryConfigurationDelegate - Bootstrapping Spring Data JPA repositories in DEFAULT mode.
2025-05-18 08:54:59 [main] INFO  o.s.d.r.c.RepositoryConfigurationDelegate - Finished Spring Data repository scanning in 51 ms. Found 4 JPA repository interfaces.
2025-05-18 08:54:59 [main] INFO  o.s.b.w.e.tomcat.TomcatWebServer - Tomcat initialized with port 8081 (http)
2025-05-18 08:54:59 [main] INFO  o.a.catalina.core.StandardService - Starting service [Tomcat]
2025-05-18 08:54:59 [main] INFO  o.a.catalina.core.StandardEngine - Starting Servlet engine: [Apache Tomcat/10.1.36]
2025-05-18 08:55:00 [main] INFO  o.a.c.c.C.[Tomcat].[localhost].[/] - Initializing Spring embedded WebApplicationContext
2025-05-18 08:55:00 [main] INFO  o.s.b.w.s.c.ServletWebServerApplicationContext - Root WebApplicationContext: initialization completed in 1361 ms
2025-05-18 08:55:00 [main] INFO  com.zaxxer.hikari.HikariDataSource - HikariPool-1 - Starting...
2025-05-18 08:55:00 [main] INFO  com.zaxxer.hikari.pool.HikariPool - HikariPool-1 - Added connection org.postgresql.jdbc.PgConnection@2475fba3
2025-05-18 08:55:00 [main] INFO  com.zaxxer.hikari.HikariDataSource - HikariPool-1 - Start completed.
2025-05-18 08:55:00 [main] INFO  liquibase.database - Set default schema name to public
2025-05-18 08:55:00 [main] INFO  liquibase.changelog - Creating database history table with name: public.databasechangelog
2025-05-18 08:55:00 [main] INFO  liquibase.changelog - Reading from public.databasechangelog
2025-05-18 08:55:00 [main] INFO  liquibase.lockservice - Successfully acquired change log lock
2025-05-18 08:55:00 [main] INFO  liquibase.command - Using deploymentId: 7538700962
2025-05-18 08:55:00 [main] INFO  liquibase.changelog - Reading from public.databasechangelog
2025-05-18 08:55:00 [main] INFO  liquibase.ui - Running Changeset: db/changelog/db.changelog-master.yaml::1::amey
2025-05-18 08:55:00 [main] INFO  liquibase.changelog - Table example created
2025-05-18 08:55:00 [main] INFO  liquibase.changelog - ChangeSet db/changelog/db.changelog-master.yaml::1::amey ran successfully in 13ms
2025-05-18 08:55:00 [main] INFO  liquibase.util - UPDATE SUMMARY
2025-05-18 08:55:00 [main] INFO  liquibase.util - Run:                          1
2025-05-18 08:55:00 [main] INFO  liquibase.util - Previously run:               0
2025-05-18 08:55:00 [main] INFO  liquibase.util - Filtered out:                 0
2025-05-18 08:55:00 [main] INFO  liquibase.util - -------------------------------
2025-05-18 08:55:00 [main] INFO  liquibase.util - Total change sets:            1
2025-05-18 08:55:00 [main] INFO  liquibase.util - Update summary generated
2025-05-18 08:55:00 [main] INFO  liquibase.command - Update command completed successfully.
2025-05-18 08:55:00 [main] INFO  liquibase.ui - Liquibase: Update has been successful. Rows affected: 1
2025-05-18 08:55:00 [main] INFO  liquibase.lockservice - Successfully released change log lock
2025-05-18 08:55:00 [main] INFO  liquibase.command - Command execution complete
2025-05-18 08:55:01 [main] INFO  o.h.jpa.internal.util.LogHelper - HHH000204: Processing PersistenceUnitInfo [name: default]
2025-05-18 08:55:01 [main] INFO  org.hibernate.Version - HHH000412: Hibernate ORM core version 6.6.8.Final
2025-05-18 08:55:01 [main] INFO  o.h.c.i.RegionFactoryInitiator - HHH000026: Second-level cache disabled
2025-05-18 08:55:01 [main] INFO  o.s.o.j.p.SpringPersistenceUnitInfo - No LoadTimeWeaver setup: ignoring JPA class transformer
2025-05-18 08:55:01 [main] WARN  org.hibernate.orm.deprecation - HHH90000025: PostgreSQLDialect does not need to be specified explicitly using 'hibernate.dialect' (remove the property setting and it will be selected by default)
2025-05-18 08:55:01 [main] INFO  o.hibernate.orm.connections.pooling - HHH10001005: Database info:
	Database JDBC URL [Connecting through datasource 'HikariDataSource (HikariPool-1)']
	Database driver: undefined/unknown
	Database version: 14.18
	Autocommit mode: undefined/unknown
	Isolation level: undefined/unknown
	Minimum pool size: undefined/unknown
	Maximum pool size: undefined/unknown
2025-05-18 08:55:01 [main] INFO  o.h.e.t.j.p.i.JtaPlatformInitiator - HHH000489: No JTA platform available (set 'hibernate.transaction.jta.platform' to enable JTA platform integration)
2025-05-18 08:55:01 [main] INFO  o.s.o.j.LocalContainerEntityManagerFactoryBean - Initialized JPA EntityManagerFactory for persistence unit 'default'
2025-05-18 08:55:02 [main] INFO  o.s.d.j.r.query.QueryEnhancerFactory - Hibernate is in classpath; If applicable, HQL parser will be used.
2025-05-18 08:55:02 [main] WARN  o.s.b.w.s.c.AnnotationConfigServletWebServerApplicationContext - Exception encountered during context initialization - cancelling refresh attempt: org.springframework.beans.factory.UnsatisfiedDependencyException: Error creating bean with name 'marketDataController' defined in file [C:\Users\PC\Documents\workspace\quantz\quantz\quantz-api-service\quantz-api-market-data-service\target\classes\com\quantz\marketdata\controller\MarketDataController.class]: Unsatisfied dependency expressed through constructor parameter 0: Error creating bean with name 'marketDataScraperServiceImpl' defined in file [C:\Users\PC\Documents\workspace\quantz\quantz\quantz-api-service\quantz-api-market-data-service\target\classes\com\quantz\marketdata\service\impl\MarketDataScraperServiceImpl.class]: Unsatisfied dependency expressed through constructor parameter 1: Error creating bean with name 'upstoxInstrumentServiceImpl' defined in file [C:\Users\PC\Documents\workspace\quantz\quantz\quantz-api-service\quantz-api-market-data-service\target\classes\com\quantz\marketdata\service\impl\UpstoxInstrumentServiceImpl.class]: Unsatisfied dependency expressed through constructor parameter 5: No qualifying bean of type 'java.time.LocalDateTime' available: expected at least 1 bean which qualifies as autowire candidate. Dependency annotations: {}
2025-05-18 08:55:02 [main] INFO  o.s.o.j.LocalContainerEntityManagerFactoryBean - Closing JPA EntityManagerFactory for persistence unit 'default'
2025-05-18 08:55:02 [main] INFO  com.zaxxer.hikari.HikariDataSource - HikariPool-1 - Shutdown initiated...
2025-05-18 08:55:02 [main] INFO  com.zaxxer.hikari.HikariDataSource - HikariPool-1 - Shutdown completed.
2025-05-18 08:55:02 [main] INFO  o.a.catalina.core.StandardService - Stopping service [Tomcat]
2025-05-18 08:55:02 [main] INFO  o.s.b.a.l.ConditionEvaluationReportLogger - 

Error starting ApplicationContext. To display the condition evaluation report re-run your application with 'debug' enabled.
2025-05-18 08:55:02 [main] ERROR o.s.b.d.LoggingFailureAnalysisReporter - 

***************************
APPLICATION FAILED TO START
***************************

Description:

Parameter 5 of constructor in com.quantz.marketdata.service.impl.UpstoxInstrumentServiceImpl required a bean of type 'java.time.LocalDateTime' that could not be found.


Action:

Consider defining a bean of type 'java.time.LocalDateTime' in your configuration.

2025-05-18 08:56:30 [main] INFO  c.q.m.QuantzApiMarketDataServiceApplication - Starting QuantzApiMarketDataServiceApplication using Java 23.0.2 with PID 13788 (C:\Users\PC\Documents\workspace\quantz\quantz\quantz-api-service\quantz-api-market-data-service\target\classes started by PC in C:\Users\PC\Documents\workspace\quantz\quantz)
2025-05-18 08:56:30 [main] INFO  c.q.m.QuantzApiMarketDataServiceApplication - No active profile set, falling back to 1 default profile: "default"
2025-05-18 08:56:31 [main] INFO  o.s.d.r.c.RepositoryConfigurationDelegate - Bootstrapping Spring Data JPA repositories in DEFAULT mode.
2025-05-18 08:56:31 [main] INFO  o.s.d.r.c.RepositoryConfigurationDelegate - Finished Spring Data repository scanning in 39 ms. Found 4 JPA repository interfaces.
2025-05-18 08:56:31 [main] INFO  o.s.b.w.e.tomcat.TomcatWebServer - Tomcat initialized with port 8081 (http)
2025-05-18 08:56:31 [main] INFO  o.a.catalina.core.StandardService - Starting service [Tomcat]
2025-05-18 08:56:31 [main] INFO  o.a.catalina.core.StandardEngine - Starting Servlet engine: [Apache Tomcat/10.1.36]
2025-05-18 08:56:31 [main] INFO  o.a.c.c.C.[Tomcat].[localhost].[/] - Initializing Spring embedded WebApplicationContext
2025-05-18 08:56:31 [main] INFO  o.s.b.w.s.c.ServletWebServerApplicationContext - Root WebApplicationContext: initialization completed in 1419 ms
2025-05-18 08:56:32 [main] INFO  com.zaxxer.hikari.HikariDataSource - HikariPool-1 - Starting...
2025-05-18 08:56:32 [main] INFO  com.zaxxer.hikari.pool.HikariPool - HikariPool-1 - Added connection org.postgresql.jdbc.PgConnection@48b2dbc4
2025-05-18 08:56:32 [main] INFO  com.zaxxer.hikari.HikariDataSource - HikariPool-1 - Start completed.
2025-05-18 08:56:32 [main] INFO  liquibase.database - Set default schema name to public
2025-05-18 08:56:32 [main] INFO  liquibase.changelog - Reading from public.databasechangelog
2025-05-18 08:56:32 [main] INFO  liquibase.ui - Database is up to date, no changesets to execute
2025-05-18 08:56:32 [main] INFO  liquibase.changelog - Reading from public.databasechangelog
2025-05-18 08:56:32 [main] INFO  liquibase.util - UPDATE SUMMARY
2025-05-18 08:56:32 [main] INFO  liquibase.util - Run:                          0
2025-05-18 08:56:32 [main] INFO  liquibase.util - Previously run:               1
2025-05-18 08:56:32 [main] INFO  liquibase.util - Filtered out:                 0
2025-05-18 08:56:32 [main] INFO  liquibase.util - -------------------------------
2025-05-18 08:56:32 [main] INFO  liquibase.util - Total change sets:            1
2025-05-18 08:56:32 [main] INFO  liquibase.util - Update summary generated
2025-05-18 08:56:32 [main] INFO  liquibase.command - Command execution complete
2025-05-18 08:56:32 [main] INFO  o.h.jpa.internal.util.LogHelper - HHH000204: Processing PersistenceUnitInfo [name: default]
2025-05-18 08:56:32 [main] INFO  org.hibernate.Version - HHH000412: Hibernate ORM core version 6.6.8.Final
2025-05-18 08:56:32 [main] INFO  o.h.c.i.RegionFactoryInitiator - HHH000026: Second-level cache disabled
2025-05-18 08:56:33 [main] INFO  o.s.o.j.p.SpringPersistenceUnitInfo - No LoadTimeWeaver setup: ignoring JPA class transformer
2025-05-18 08:56:33 [main] WARN  org.hibernate.orm.deprecation - HHH90000025: PostgreSQLDialect does not need to be specified explicitly using 'hibernate.dialect' (remove the property setting and it will be selected by default)
2025-05-18 08:56:33 [main] INFO  o.hibernate.orm.connections.pooling - HHH10001005: Database info:
	Database JDBC URL [Connecting through datasource 'HikariDataSource (HikariPool-1)']
	Database driver: undefined/unknown
	Database version: 14.18
	Autocommit mode: undefined/unknown
	Isolation level: undefined/unknown
	Minimum pool size: undefined/unknown
	Maximum pool size: undefined/unknown
2025-05-18 08:56:33 [main] INFO  o.h.e.t.j.p.i.JtaPlatformInitiator - HHH000489: No JTA platform available (set 'hibernate.transaction.jta.platform' to enable JTA platform integration)
2025-05-18 08:56:33 [main] INFO  o.s.o.j.LocalContainerEntityManagerFactoryBean - Initialized JPA EntityManagerFactory for persistence unit 'default'
2025-05-18 08:56:33 [main] INFO  o.s.d.j.r.query.QueryEnhancerFactory - Hibernate is in classpath; If applicable, HQL parser will be used.
2025-05-18 08:56:34 [main] WARN  o.s.b.a.o.j.JpaBaseConfiguration$JpaWebConfiguration - spring.jpa.open-in-view is enabled by default. Therefore, database queries may be performed during view rendering. Explicitly configure spring.jpa.open-in-view to disable this warning
2025-05-18 08:56:35 [main] INFO  o.s.b.a.e.web.EndpointLinksResolver - Exposing 3 endpoints beneath base path '/actuator'
2025-05-18 08:56:35 [main] INFO  o.s.b.w.e.tomcat.TomcatWebServer - Tomcat started on port 8081 (http) with context path '/'
2025-05-18 08:56:35 [main] INFO  c.q.m.QuantzApiMarketDataServiceApplication - Started QuantzApiMarketDataServiceApplication in 5.407 seconds (process running for 5.737)
2025-05-18 09:05:56 [http-nio-8081-exec-1] INFO  o.a.c.c.C.[Tomcat].[localhost].[/] - Initializing Spring DispatcherServlet 'dispatcherServlet'
2025-05-18 09:05:56 [http-nio-8081-exec-1] INFO  o.s.web.servlet.DispatcherServlet - Initializing Servlet 'dispatcherServlet'
2025-05-18 09:05:56 [http-nio-8081-exec-1] INFO  o.s.web.servlet.DispatcherServlet - Completed initialization in 0 ms
2025-05-18 09:07:01 [http-nio-8081-exec-2] INFO  c.q.m.s.i.MarketDataScraperServiceImpl - Starting manual market data scraping at 2025-05-18T09:07:01.816546100
2025-05-18 09:07:04 [http-nio-8081-exec-2] WARN  c.q.m.s.impl.UpstoxAuthServiceImpl - No token found in database
2025-05-18 09:07:07 [http-nio-8081-exec-2] WARN  c.q.m.s.impl.UpstoxAuthServiceImpl - No token found in database
2025-05-18 09:07:19 [http-nio-8081-exec-2] WARN  c.q.m.s.impl.UpstoxAuthServiceImpl - No token found in database
2025-05-18 09:07:19 [http-nio-8081-exec-2] ERROR c.q.m.s.i.MarketDataScraperServiceImpl - No valid authentication token available. Aborting scraping.
2025-05-18 09:07:19 [http-nio-8081-exec-2] ERROR c.q.m.s.i.MarketDataScraperServiceImpl - Scraping operation failed: No valid authentication token available
2025-05-18 09:17:03 [SpringApplicationShutdownHook] INFO  o.s.b.w.e.tomcat.GracefulShutdown - Commencing graceful shutdown. Waiting for active requests to complete
2025-05-18 09:17:03 [tomcat-shutdown] INFO  o.s.b.w.e.tomcat.GracefulShutdown - Graceful shutdown complete
2025-05-18 09:17:03 [SpringApplicationShutdownHook] INFO  o.s.o.j.LocalContainerEntityManagerFactoryBean - Closing JPA EntityManagerFactory for persistence unit 'default'
2025-05-18 09:17:03 [SpringApplicationShutdownHook] INFO  com.zaxxer.hikari.HikariDataSource - HikariPool-1 - Shutdown initiated...
2025-05-18 09:17:03 [SpringApplicationShutdownHook] INFO  com.zaxxer.hikari.HikariDataSource - HikariPool-1 - Shutdown completed.
